<?xml version="1.0" encoding="UTF-8"?>
<!-- Generated by org.testng.reporters.JUnitReportReporter -->
<testsuite hostname="otracklaptop" name="eu.tsp.distsum.DistributedSum" tests="1" failures="0" timestamp="18 Nov 2017 07:03:42 GMT" time="1.586" errors="0">
  <testcase name="distributedSumTest" time="1.586" classname="eu.tsp.distsum.DistributedSum"/>
</testsuite> <!-- eu.tsp.distsum.DistributedSum -->
